0 info it worked if it ends with ok
1 verbose cli [ '/Users/fab/.nvm/versions/node/v6.11.0/bin/node',
1 verbose cli   '/Users/fab/.nvm/versions/node/v6.11.0/bin/npm',
1 verbose cli   'run',
1 verbose cli   'watch' ]
2 info using npm@3.10.10
3 info using node@v6.11.0
4 verbose run-script [ 'prewatch', 'watch', 'postwatch' ]
5 info lifecycle game@1.1.0~prewatch: game@1.1.0
6 silly lifecycle game@1.1.0~prewatch: no script for prewatch, continuing
7 info lifecycle game@1.1.0~watch: game@1.1.0
8 verbose lifecycle game@1.1.0~watch: unsafe-perm in lifecycle true
9 verbose lifecycle game@1.1.0~watch: PATH: /Users/fab/.nvm/versions/node/v6.11.0/lib/node_modules/npm/bin/node-gyp-bin:/Applications/MAMP/htdocs/game/node_modules/.bin:/Users/fab/.nvm/versions/node/v6.11.0/bin:/usr/local/bin:/usr/bin:/bin:/usr/sbin:/sbin
10 verbose lifecycle game@1.1.0~watch: CWD: /Applications/MAMP/htdocs/game
11 silly lifecycle game@1.1.0~watch: Args: [ '-c',
11 silly lifecycle   'webpack --watch & ./node_modules/.bin/serve -p 3000 dist' ]
12 silly lifecycle game@1.1.0~watch: Returned: code: 137  signal: null
13 info lifecycle game@1.1.0~watch: Failed to exec watch script
14 verbose stack Error: game@1.1.0 watch: `webpack --watch & ./node_modules/.bin/serve -p 3000 dist`
14 verbose stack Exit status 137
14 verbose stack     at EventEmitter.<anonymous> (/Users/fab/.nvm/versions/node/v6.11.0/lib/node_modules/npm/lib/utils/lifecycle.js:255:16)
14 verbose stack     at emitTwo (events.js:106:13)
14 verbose stack     at EventEmitter.emit (events.js:191:7)
14 verbose stack     at ChildProcess.<anonymous> (/Users/fab/.nvm/versions/node/v6.11.0/lib/node_modules/npm/lib/utils/spawn.js:40:14)
14 verbose stack     at emitTwo (events.js:106:13)
14 verbose stack     at ChildProcess.emit (events.js:191:7)
14 verbose stack     at maybeClose (internal/child_process.js:891:16)
14 verbose stack     at Process.ChildProcess._handle.onexit (internal/child_process.js:226:5)
15 verbose pkgid game@1.1.0
16 verbose cwd /Applications/MAMP/htdocs/game
17 error Darwin 16.6.0
18 error argv "/Users/fab/.nvm/versions/node/v6.11.0/bin/node" "/Users/fab/.nvm/versions/node/v6.11.0/bin/npm" "run" "watch"
19 error node v6.11.0
20 error npm  v3.10.10
21 error code ELIFECYCLE
22 error game@1.1.0 watch: `webpack --watch & ./node_modules/.bin/serve -p 3000 dist`
22 error Exit status 137
23 error Failed at the game@1.1.0 watch script 'webpack --watch & ./node_modules/.bin/serve -p 3000 dist'.
23 error Make sure you have the latest version of node.js and npm installed.
23 error If you do, this is most likely a problem with the game package,
23 error not with npm itself.
23 error Tell the author that this fails on your system:
23 error     webpack --watch & ./node_modules/.bin/serve -p 3000 dist
23 error You can get information on how to open an issue for this project with:
23 error     npm bugs game
23 error Or if that isn't available, you can get their info via:
23 error     npm owner ls game
23 error There is likely additional logging output above.
24 verbose exit [ 1, true ]
